<?xml version="1.0" encoding="UTF-8"?>
<!-- Generated by org.testng.reporters.JUnitReportReporter -->
<testsuite hostname="Niraporns-MacBook-Pro.local" name="com.webtu.springmvc.model.dao.UserDaoTest" tests="2" failures="0" timestamp="30 Oct 2015 21:43:43 GMT" time="0.459" errors="0">
  <testcase name="getUsers" time="0.362" classname="com.webtu.springmvc.model.dao.UserDaoTest"/>
  <testcase name="getUser" time="0.097" classname="com.webtu.springmvc.model.dao.UserDaoTest"/>
</testsuite> <!-- com.webtu.springmvc.model.dao.UserDaoTest -->
